{"/home/jovemcleb/Dev/Trybe/Back-end/projects/sd-019-c-project-blogs-api/tests/assets/constants.js": {"path":"/home/jovemcleb/Dev/Trybe/Back-end/projects/sd-019-c-project-blogs-api/tests/assets/constants.js","statementMap":{"0":{"start":{"line":1,"column":0},"end":{"line":9,"column":1}}},"fnMap":{},"branchMap":{},"s":{"0":1},"f":{},"b":{},"_coverageSchema":"1a1c01bbd47fc00a2c39e90264f33305004495a9","hash":"ec1dc9436d7279329eaffd80b88783f9b4ce567f"}
,"/home/jovemcleb/Dev/Trybe/Back-end/projects/sd-019-c-project-blogs-api/tests/assets/queries.js": {"path":"/home/jovemcleb/Dev/Trybe/Back-end/projects/sd-019-c-project-blogs-api/tests/assets/queries.js","statementMap":{"0":{"start":{"line":1,"column":0},"end":{"line":47,"column":1}}},"fnMap":{},"branchMap":{},"s":{"0":1},"f":{},"b":{},"_coverageSchema":"1a1c01bbd47fc00a2c39e90264f33305004495a9","hash":"75885933b88a398297b82c61b9f11f6a8a25453d"}
}
